2021-08-16T15:38:22: connected database
2021-08-16T15:39:00: new proccess
2021-08-16T15:39:00: result [
2021-08-16T15:39:00:   RowDataPacket {
2021-08-16T15:39:00:     ca_id: 114,
2021-08-16T15:39:00:     ca_user_id: 1,
2021-08-16T15:39:00:     ca_platform_id: 2,
2021-08-16T15:39:00:     ca_id_on_platform: '2385206',
2021-08-16T15:39:00:     ca_name: 'COFFEEJACK',
2021-08-16T15:39:00:     ca_title: 'AirPlus - Wireless Charging Case for AirPods',
2021-08-16T15:39:00:     ca_description: "A Colorful Protective Case with Wireless Charging for your AirPods. | Check out 'AirPlus - Wireless Charging Case for AirPods' on Indiegogo.",
2021-08-16T15:39:00:     ca_url: 'https://www.indiegogo.com/projects/2385206',
2021-08-16T15:39:00:     ca_status: 1,
2021-08-16T15:39:00:     ca_permisson: 10,
2021-08-16T15:39:00:     ca_img: 'https://c1.iggcdn.com/indiegogo-media-prod-cld/image/upload/c_fill%2Cf_auto%2Ch_630%2Cw_1200/v1528431870/fetrstsk9s0pnmbmaywq.jpg',
2021-08-16T15:39:00:     ca_total_raised: 0,
2021-08-16T15:39:00:     ca_currency: null,
2021-08-16T15:39:00:     ca_country: null,
2021-08-16T15:39:00:     ca_original_data: null,
2021-08-16T15:39:00:     ca_created_at: 2021-08-16T08:31:34.000Z,
2021-08-16T15:39:00:     ca_updated_at: 2021-08-16T08:31:49.000Z
2021-08-16T15:39:00:   }
2021-08-16T15:39:00: ]
2021-08-16T15:40:00: new proccess
2021-08-16T15:41:00: new proccess
2021-08-16T15:41:35: script end
2021-08-16T15:42:00: new proccess
2021-08-16T15:43:00: new proccess
2021-08-16T15:44:00: new proccess
2021-08-16T15:45:00: new proccess
2021-08-16T15:46:00: new proccess
2021-08-16T15:47:00: new proccess
2021-08-16T15:48:00: new proccess
2021-08-16T15:49:00: new proccess
2021-08-16T17:24:51: connected database
2021-08-16T17:25:23: error ElementNotInteractableError: element not interactable
2021-08-16T17:25:23:   (Session info: chrome=92.0.4515.131)
2021-08-16T17:25:23:     at Object.throwDecodedError (F:\ccm_script\ccm-scripts\node_modules\selenium-webdriver\lib\error.js:517:15)
2021-08-16T17:25:23:     at parseHttpResponse (F:\ccm_script\ccm-scripts\node_modules\selenium-webdriver\lib\http.js:642:13)
2021-08-16T17:25:23:     at Executor.execute (F:\ccm_script\ccm-scripts\node_modules\selenium-webdriver\lib\http.js:568:28)
2021-08-16T17:25:23:     at processTicksAndRejections (internal/process/task_queues.js:95:5)
2021-08-16T17:25:23:     at async Driver.execute (F:\ccm_script\ccm-scripts\node_modules\selenium-webdriver\lib\webdriver.js:731:17)
2021-08-16T17:25:23:     at async F:\ccm_script\ccm-scripts\service\selinum.service.js:197:13 {
2021-08-16T17:25:23:   remoteStacktrace: 'Backtrace:\n' +
2021-08-16T17:25:23:     '\tOrdinal0 [0x00F25843+2512963]\n' +
2021-08-16T17:25:23:     '\tOrdinal0 [0x00EBEED1+2092753]\n' +
2021-08-16T17:25:23:     '\tOrdinal0 [0x00DC1E10+1056272]\n' +
2021-08-16T17:25:23:     '\tOrdinal0 [0x00DED4C7+1234119]\n' +
2021-08-16T17:25:23:     '\tOrdinal0 [0x00DE3157+1192279]\n' +
2021-08-16T17:25:23:     '\tOrdinal0 [0x00E055F3+1332723]\n' +
2021-08-16T17:25:23:     '\tOrdinal0 [0x00DE2F76+1191798]\n' +
2021-08-16T17:25:23:     '\tOrdinal0 [0x00E056DA+1332954]\n' +
2021-08-16T17:25:23:     '\tOrdinal0 [0x00E1487F+1394815]\n' +
2021-08-16T17:25:23:     '\tOrdinal0 [0x00E054BB+1332411]\n' +
2021-08-16T17:25:23:     '\tOrdinal0 [0x00DE1D14+1187092]\n' +
2021-08-16T17:25:23:     '\tOrdinal0 [0x00DE2B79+1190777]\n' +
2021-08-16T17:25:23:     '\tGetHandleVerifier [0x010A0C56+1501718]\n' +
2021-08-16T17:25:23:     '\tGetHandleVerifier [0x0114E97F+2213695]\n' +
2021-08-16T17:25:23:     '\tGetHandleVerifier [0x00FA8C92+485970]\n' +
2021-08-16T17:25:23:     '\tGetHandleVerifier [0x00FA7D59+482073]\n' +
2021-08-16T17:25:23:     '\tOrdinal0 [0x00EC471D+2115357]\n' +
2021-08-16T17:25:23:     '\tOrdinal0 [0x00EC8678+2131576]\n' +
2021-08-16T17:25:23:     '\tOrdinal0 [0x00EC87B2+2131890]\n' +
2021-08-16T17:25:23:     '\tOrdinal0 [0x00ED1971+2169201]\n' +
2021-08-16T17:25:23:     '\tBaseThreadInitThunk [0x75C0FA29+25]\n' +
2021-08-16T17:25:23:     '\tRtlGetAppContainerNamedObjectPath [0x77307A7E+286]\n' +
2021-08-16T17:25:23:     '\tRtlGetAppContainerNamedObjectPath [0x77307A4E+238]\n'
2021-08-16T17:25:23: }
