
2021-08-13T16:12:32: connect database
2021-08-13T16:12:43: error StaleElementReferenceError: stale element reference: element is not attached to the page document
2021-08-13T16:12:43:   (Session info: chrome=92.0.4515.131)
2021-08-13T16:12:43:     at Object.throwDecodedError (F:\ccm_script\ccm-scripts\node_modules\selenium-webdriver\lib\error.js:517:15)
2021-08-13T16:12:43:     at parseHttpResponse (F:\ccm_script\ccm-scripts\node_modules\selenium-webdriver\lib\http.js:642:13)
2021-08-13T16:12:43:     at Executor.execute (F:\ccm_script\ccm-scripts\node_modules\selenium-webdriver\lib\http.js:568:28)
2021-08-13T16:12:43:     at processTicksAndRejections (internal/process/task_queues.js:95:5)
2021-08-13T16:12:43:     at async Driver.execute (F:\ccm_script\ccm-scripts\node_modules\selenium-webdriver\lib\webdriver.js:731:17)
2021-08-13T16:12:43:     at async F:\ccm_script\ccm-scripts\service\selinum.service.js:83:7 {
2021-08-13T16:12:43:   remoteStacktrace: 'Backtrace:\n' +
2021-08-13T16:12:43:     '\tOrdinal0 [0x00FC5843+2512963]\n' +
2021-08-13T16:12:43:     '\tOrdinal0 [0x00F5EED1+2092753]\n' +
2021-08-13T16:12:43:     '\tOrdinal0 [0x00E61F48+1056584]\n' +
2021-08-13T16:12:43:     '\tOrdinal0 [0x00E64674+1066612]\n' +
2021-08-13T16:12:43:     '\tOrdinal0 [0x00E6453E+1066302]\n' +
2021-08-13T16:12:43:     '\tOrdinal0 [0x00E647A0+1066912]\n' +
2021-08-13T16:12:43:     '\tOrdinal0 [0x00E8DDFC+1236476]\n' +
2021-08-13T16:12:43:     '\tOrdinal0 [0x00E83083+1192067]\n' +
2021-08-13T16:12:43:     '\tOrdinal0 [0x00EA55F3+1332723]\n' +
2021-08-13T16:12:43:     '\tOrdinal0 [0x00E82F76+1191798]\n' +
2021-08-13T16:12:43:     '\tOrdinal0 [0x00EA56DA+1332954]\n' +
2021-08-13T16:12:43:     '\tOrdinal0 [0x00EB487F+1394815]\n' +
2021-08-13T16:12:43:     '\tOrdinal0 [0x00EA54BB+1332411]\n' +
2021-08-13T16:12:43:     '\tOrdinal0 [0x00E81D14+1187092]\n' +
2021-08-13T16:12:43:     '\tOrdinal0 [0x00E82B79+1190777]\n' +
2021-08-13T16:12:43:     '\tGetHandleVerifier [0x01140C56+1501718]\n' +
2021-08-13T16:12:43:     '\tGetHandleVerifier [0x011EE97F+2213695]\n' +
2021-08-13T16:12:43:     '\tGetHandleVerifier [0x01048C92+485970]\n' +
2021-08-13T16:12:43:     '\tGetHandleVerifier [0x01047D59+482073]\n' +
2021-08-13T16:12:43:     '\tOrdinal0 [0x00F6471D+2115357]\n' +
2021-08-13T16:12:43:     '\tOrdinal0 [0x00F68678+2131576]\n' +
2021-08-13T16:12:43:     '\tOrdinal0 [0x00F687B2+2131890]\n' +
2021-08-13T16:12:43:     '\tOrdinal0 [0x00F71971+2169201]\n' +
2021-08-13T16:12:43:     '\tBaseThreadInitThunk [0x7628FA29+25]\n' +
2021-08-13T16:12:43:     '\tRtlGetAppContainerNamedObjectPath [0x76F67A7E+286]\n' +
2021-08-13T16:12:43:     '\tRtlGetAppContainerNamedObjectPath [0x76F67A4E+238]\n'
2021-08-13T16:12:43: }
2021-08-13T16:12:43: permission granted
2021-08-13T16:13:40: connect database
2021-08-13T16:15:41: permission granted
2021-08-13T16:15:41: object RowDataPacket {
2021-08-13T16:15:41:   ca_id: 75,
2021-08-13T16:15:41:   ca_user_id: 1,
2021-08-13T16:15:41:   ca_platform_id: 2,
2021-08-13T16:15:41:   ca_id_on_platform: '2618226',
2021-08-13T16:15:41:   ca_name: 'moitao',
2021-08-13T16:15:41:   ca_title: 'AnyBackup: Offline AutoBackup & 100W FastCharge',
2021-08-13T16:15:41:   ca_description: "Completely AUTO backup while 100W Super Fast Charge for iOS & Android. APPLE MFi-certified product. | Check out 'AnyBackup: Offline AutoBackup & 100W FastCharge' on Indiegogo.",
2021-08-13T16:15:41:   ca_url: 'https://www.indiegogo.com/projects/2618226',
2021-08-13T16:15:41:   ca_status: 1,
2021-08-13T16:15:41:   ca_permisson: 0,
2021-08-13T16:15:41:   ca_img: 'https://c1.iggcdn.com/indiegogo-media-prod-cld/image/upload/c_fill%2Cf_auto%2Ch_630%2Cw_1200/v1596103250/uqlbjhhgyfiapdfzexka.jpg',
2021-08-13T16:15:41:   ca_total_raised: 0,
2021-08-13T16:15:41:   ca_currency: null,
2021-08-13T16:15:41:   ca_country: null,
2021-08-13T16:15:41:   ca_original_data: null
2021-08-13T16:15:41: }
2021-08-13T16:15:41: update campaign OkPacket {
2021-08-13T16:15:41:   fieldCount: 0,
2021-08-13T16:15:41:   affectedRows: 1,
2021-08-13T16:15:41:   insertId: 0,
2021-08-13T16:15:41:   serverStatus: 2,
2021-08-13T16:15:41:   warningCount: 0,
2021-08-13T16:15:41:   message: '(Rows matched: 1  Changed: 1  Warnings: 0',
2021-08-13T16:15:41:   protocol41: true,
2021-08-13T16:15:41:   changedRows: 1
2021-08-13T16:15:41: }
2021-08-13T16:18:01: connect database
2021-08-13T16:20:10: permission isn't granted
2021-08-13T16:20:10: object RowDataPacket {
2021-08-13T16:20:10:   ca_id: 76,
2021-08-13T16:20:10:   ca_user_id: 1,
2021-08-13T16:20:10:   ca_platform_id: 2,
2021-08-13T16:20:10:   ca_id_on_platform: '2567622',
2021-08-13T16:20:10:   ca_name: 'COFFEEJACK',
2021-08-13T16:20:10:   ca_title: 'COFFEEJACK - The Pocket Sized Barista',
2021-08-13T16:20:10:   ca_description: "The Worlds Smallest 9 Bar, Portable Espresso maker. | Check out 'COFFEEJACK - The Pocket Sized Barista' on Indiegogo.",
2021-08-13T16:20:10:   ca_url: 'https://www.indiegogo.com/projects/2567622',
2021-08-13T16:20:10:   ca_status: 1,
2021-08-13T16:20:10:   ca_permisson: 20,
2021-08-13T16:20:10:   ca_img: 'https://c1.iggcdn.com/indiegogo-media-prod-cld/image/upload/c_fill%2Cf_auto%2Ch_630%2Cw_1200/v1576867104/htptzaubeteu0cajwvc4.jpg',
2021-08-13T16:20:10:   ca_total_raised: 0,
2021-08-13T16:20:10:   ca_currency: null,
2021-08-13T16:20:10:   ca_country: null,
2021-08-13T16:20:10:   ca_original_data: null
2021-08-13T16:20:10: }
2021-08-13T16:20:10: update campaign OkPacket {
2021-08-13T16:20:10:   fieldCount: 0,
2021-08-13T16:20:10:   affectedRows: 1,
2021-08-13T16:20:10:   insertId: 0,
2021-08-13T16:20:10:   serverStatus: 2,
2021-08-13T16:20:10:   warningCount: 0,
2021-08-13T16:20:10:   message: '(Rows matched: 1  Changed: 1  Warnings: 0',
2021-08-13T16:20:10:   protocol41: true,
2021-08-13T16:20:10:   changedRows: 1
2021-08-13T16:20:10: }
2021-08-13T16:21:38: connect database
2021-08-13T16:22:39: connect database
2021-08-13T16:26:44: error ElementClickInterceptedError: element click intercepted: Element <button data-v-3252f4f9="" data-v-c4b07d76="" class="buttonPrimary t-align--center gogenta buttonPrimary--medium" aria-label="Submit" gogo-test="log_in">...</button> is not clickable at point (676, 509). Other element would receive the click: <h2 id="CybotCookiebotDialogBodyContentTitle" lang="en">...</h2>
2021-08-13T16:26:44:   (Session info: chrome=92.0.4515.131)
2021-08-13T16:26:44:     at Object.throwDecodedError (F:\ccm_script\ccm-scripts\node_modules\selenium-webdriver\lib\error.js:517:15)
2021-08-13T16:26:44:     at parseHttpResponse (F:\ccm_script\ccm-scripts\node_modules\selenium-webdriver\lib\http.js:642:13)
2021-08-13T16:26:44:     at Executor.execute (F:\ccm_script\ccm-scripts\node_modules\selenium-webdriver\lib\http.js:568:28)
2021-08-13T16:26:44:     at processTicksAndRejections (internal/process/task_queues.js:95:5)
2021-08-13T16:26:44:     at async Driver.execute (F:\ccm_script\ccm-scripts\node_modules\selenium-webdriver\lib\webdriver.js:731:17)
2021-08-13T16:26:44:     at async F:\ccm_script\ccm-scripts\service\selinum.service.js:54:7 {
2021-08-13T16:26:44:   remoteStacktrace: 'Backtrace:\n' +
2021-08-13T16:26:44:     '\tOrdinal0 [0x00FC5843+2512963]\n' +
2021-08-13T16:26:44:     '\tOrdinal0 [0x00F5EED1+2092753]\n' +
2021-08-13T16:26:44:     '\tOrdinal0 [0x00E61F48+1056584]\n' +
2021-08-13T16:26:44:     '\tOrdinal0 [0x00E926DB+1255131]\n' +
2021-08-13T16:26:44:     '\tOrdinal0 [0x00E909DF+1247711]\n' +
2021-08-13T16:26:44:     '\tOrdinal0 [0x00E8E7AD+1238957]\n' +
2021-08-13T16:26:44:     '\tOrdinal0 [0x00E8D65D+1234525]\n' +
2021-08-13T16:26:44:     '\tOrdinal0 [0x00E83157+1192279]\n' +
2021-08-13T16:26:44:     '\tOrdinal0 [0x00EA55F3+1332723]\n' +
2021-08-13T16:26:44:     '\tOrdinal0 [0x00E82F76+1191798]\n' +
2021-08-13T16:26:44:     '\tOrdinal0 [0x00EA56DA+1332954]\n' +
2021-08-13T16:26:44:     '\tOrdinal0 [0x00EB487F+1394815]\n' +
2021-08-13T16:26:44:     '\tOrdinal0 [0x00EA54BB+1332411]\n' +
2021-08-13T16:26:44:     '\tOrdinal0 [0x00E81D14+1187092]\n' +
2021-08-13T16:26:44:     '\tOrdinal0 [0x00E82B79+1190777]\n' +
2021-08-13T16:26:44:     '\tGetHandleVerifier [0x01140C56+1501718]\n' +
2021-08-13T16:26:44:     '\tGetHandleVerifier [0x011EE97F+2213695]\n' +
2021-08-13T16:26:44:     '\tGetHandleVerifier [0x01048C92+485970]\n' +
2021-08-13T16:26:44:     '\tGetHandleVerifier [0x01047D59+482073]\n' +
2021-08-13T16:26:44:     '\tOrdinal0 [0x00F6471D+2115357]\n' +
2021-08-13T16:26:44:     '\tOrdinal0 [0x00F68678+2131576]\n' +
2021-08-13T16:26:44:     '\tOrdinal0 [0x00F687B2+2131890]\n' +
2021-08-13T16:26:44:     '\tOrdinal0 [0x00F71971+2169201]\n' +
2021-08-13T16:26:44:     '\tBaseThreadInitThunk [0x7628FA29+25]\n' +
2021-08-13T16:26:44:     '\tRtlGetAppContainerNamedObjectPath [0x76F67A7E+286]\n' +
2021-08-13T16:26:44:     '\tRtlGetAppContainerNamedObjectPath [0x76F67A4E+238]\n'
2021-08-13T16:26:44: }
2021-08-13T16:40:00: running a task 5 minutes
2021-08-13T16:42:00: running a task 5 minutes
2021-08-13T16:44:00: running a task 5 minutes
2021-08-13T16:46:00: running a task 5 minutes
2021-08-13T16:48:04: connect database
2021-08-13T16:48:33: permission granted
2021-08-13T16:48:33: object RowDataPacket {
2021-08-13T16:48:33:   ca_id: 1,
2021-08-13T16:48:33:   ca_user_id: 1,
2021-08-13T16:48:33:   ca_platform_id: 2,
2021-08-13T16:48:33:   ca_id_on_platform: '2618226',
2021-08-13T16:48:33:   ca_name: 'Vo chi Hieu',
2021-08-13T16:48:33:   ca_title: 'AnyBackup: Offline AutoBackup & 100W FastCharge',
2021-08-13T16:48:33:   ca_description: "Completely AUTO backup while 100W Super Fast Charge for iOS & Android. APPLE MFi-certified product. | Check out 'AnyBackup: Offline AutoBackup & 100W FastCharge' on Indiegogo.",
2021-08-13T16:48:33:   ca_url: 'https://www.indiegogo.com/projects/2618226',
2021-08-13T16:48:33:   ca_status: 1,
2021-08-13T16:48:33:   ca_permisson: 0,
2021-08-13T16:48:33:   ca_img: 'https://c1.iggcdn.com/indiegogo-media-prod-cld/image/upload/c_fill%2Cf_auto%2Ch_630%2Cw_1200/v1596103250/uqlbjhhgyfiapdfzexka.jpg',
2021-08-13T16:48:33:   ca_total_raised: 0,
2021-08-13T16:48:33:   ca_currency: null,
2021-08-13T16:48:33:   ca_country: null,
2021-08-13T16:48:33:   ca_original_data: null
2021-08-13T16:48:33: }
2021-08-13T16:48:33: update campaign OkPacket {
2021-08-13T16:48:33:   fieldCount: 0,
2021-08-13T16:48:33:   affectedRows: 1,
2021-08-13T16:48:33:   insertId: 0,
2021-08-13T16:48:33:   serverStatus: 2,
2021-08-13T16:48:33:   warningCount: 0,
2021-08-13T16:48:33:   message: '(Rows matched: 1  Changed: 1  Warnings: 0',
2021-08-13T16:48:33:   protocol41: true,
2021-08-13T16:48:33:   changedRows: 1
2021-08-13T16:48:33: }
2021-08-13T16:51:15: connect database
2021-08-13T16:51:40: permission granted
2021-08-13T16:51:40: update campaign OkPacket {
2021-08-13T16:51:40:   fieldCount: 0,
2021-08-13T16:51:40:   affectedRows: 1,
2021-08-13T16:51:40:   insertId: 0,
2021-08-13T16:51:40:   serverStatus: 2,
2021-08-13T16:51:40:   warningCount: 0,
2021-08-13T16:51:40:   message: '(Rows matched: 1  Changed: 1  Warnings: 0',
2021-08-13T16:51:40:   protocol41: true,
2021-08-13T16:51:40:   changedRows: 1
2021-08-13T16:51:40: }
2021-08-13T16:51:59: permission granted
2021-08-13T16:51:59: update campaign OkPacket {
2021-08-13T16:51:59:   fieldCount: 0,
2021-08-13T16:51:59:   affectedRows: 1,
2021-08-13T16:51:59:   insertId: 0,
2021-08-13T16:51:59:   serverStatus: 2,
2021-08-13T16:51:59:   warningCount: 0,
2021-08-13T16:51:59:   message: '(Rows matched: 1  Changed: 1  Warnings: 0',
2021-08-13T16:51:59:   protocol41: true,
2021-08-13T16:51:59:   changedRows: 1
2021-08-13T16:51:59: }
2021-08-13T16:53:04: connect database
2021-08-13T16:53:37: permission isn't granted
2021-08-13T16:53:37: object RowDataPacket {
2021-08-13T16:53:37:   ca_id: 76,
2021-08-13T16:53:37:   ca_user_id: 1,
2021-08-13T16:53:37:   ca_platform_id: 2,
2021-08-13T16:53:37:   ca_id_on_platform: '2567622',
2021-08-13T16:53:37:   ca_name: 'COFFEEJACK',
2021-08-13T16:53:37:   ca_title: 'COFFEEJACK - The Pocket Sized Barista',
2021-08-13T16:53:37:   ca_description: "The Worlds Smallest 9 Bar, Portable Espresso maker. | Check out 'COFFEEJACK - The Pocket Sized Barista' on Indiegogo.",
2021-08-13T16:53:37:   ca_url: 'https://www.indiegogo.com/projects/2567622',
2021-08-13T16:53:37:   ca_status: 1,
2021-08-13T16:53:37:   ca_permisson: 20,
2021-08-13T16:53:37:   ca_img: 'https://c1.iggcdn.com/indiegogo-media-prod-cld/image/upload/c_fill%2Cf_auto%2Ch_630%2Cw_1200/v1576867104/htptzaubeteu0cajwvc4.jpg',
2021-08-13T16:53:37:   ca_total_raised: 0,
2021-08-13T16:53:37:   ca_currency: null,
2021-08-13T16:53:37:   ca_country: null,
2021-08-13T16:53:37:   ca_original_data: null
2021-08-13T16:53:37: }
2021-08-13T16:53:37: update campaign OkPacket {
2021-08-13T16:53:37:   fieldCount: 0,
2021-08-13T16:53:37:   affectedRows: 1,
2021-08-13T16:53:37:   insertId: 0,
2021-08-13T16:53:37:   serverStatus: 2,
2021-08-13T16:53:37:   warningCount: 0,
2021-08-13T16:53:37:   message: '(Rows matched: 1  Changed: 1  Warnings: 0',
2021-08-13T16:53:37:   protocol41: true,
2021-08-13T16:53:37:   changedRows: 1
2021-08-13T16:53:37: }
2021-08-13T16:54:32: connect database
2021-08-13T16:55:28: connect database
2021-08-13T16:55:55: permission granted
2021-08-13T16:55:55: update campaign OkPacket {
2021-08-13T16:55:55:   fieldCount: 0,
2021-08-13T16:55:55:   affectedRows: 1,
2021-08-13T16:55:55:   insertId: 0,
2021-08-13T16:55:55:   serverStatus: 2,
2021-08-13T16:55:55:   warningCount: 0,
2021-08-13T16:55:55:   message: '(Rows matched: 1  Changed: 1  Warnings: 0',
2021-08-13T16:55:55:   protocol41: true,
2021-08-13T16:55:55:   changedRows: 1
2021-08-13T16:55:55: }
2021-08-13T16:56:04: permission isn't granted
2021-08-13T16:56:04: object RowDataPacket {
2021-08-13T16:56:04:   ca_id: 76,
2021-08-13T16:56:04:   ca_user_id: 1,
2021-08-13T16:56:04:   ca_platform_id: 2,
2021-08-13T16:56:04:   ca_id_on_platform: '2567622',
2021-08-13T16:56:04:   ca_name: 'COFFEEJACK',
2021-08-13T16:56:04:   ca_title: 'COFFEEJACK - The Pocket Sized Barista',
2021-08-13T16:56:04:   ca_description: "The Worlds Smallest 9 Bar, Portable Espresso maker. | Check out 'COFFEEJACK - The Pocket Sized Barista' on Indiegogo.",
2021-08-13T16:56:04:   ca_url: 'https://www.indiegogo.com/projects/2567622',
2021-08-13T16:56:04:   ca_status: 1,
2021-08-13T16:56:04:   ca_permisson: 20,
2021-08-13T16:56:04:   ca_img: 'https://c1.iggcdn.com/indiegogo-media-prod-cld/image/upload/c_fill%2Cf_auto%2Ch_630%2Cw_1200/v1576867104/htptzaubeteu0cajwvc4.jpg',
2021-08-13T16:56:04:   ca_total_raised: 0,
2021-08-13T16:56:04:   ca_currency: null,
2021-08-13T16:56:04:   ca_country: null,
2021-08-13T16:56:04:   ca_original_data: null
2021-08-13T16:56:04: }
2021-08-13T16:56:04: update campaign OkPacket {
2021-08-13T16:56:04:   fieldCount: 0,
2021-08-13T16:56:04:   affectedRows: 1,
2021-08-13T16:56:04:   insertId: 0,
2021-08-13T16:56:04:   serverStatus: 2,
2021-08-13T16:56:04:   warningCount: 0,
2021-08-13T16:56:04:   message: '(Rows matched: 1  Changed: 1  Warnings: 0',
2021-08-13T16:56:04:   protocol41: true,
2021-08-13T16:56:04:   changedRows: 1
2021-08-13T16:56:04: }
2021-08-13T16:56:22: permission granted
2021-08-13T16:56:22: update campaign OkPacket {
2021-08-13T16:56:22:   fieldCount: 0,
2021-08-13T16:56:22:   affectedRows: 1,
2021-08-13T16:56:22:   insertId: 0,
2021-08-13T16:56:22:   serverStatus: 2,
2021-08-13T16:56:22:   warningCount: 0,
2021-08-13T16:56:22:   message: '(Rows matched: 1  Changed: 1  Warnings: 0',
2021-08-13T16:56:22:   protocol41: true,
2021-08-13T16:56:22:   changedRows: 1
2021-08-13T16:56:22: }
2021-08-13T16:56:30: permission isn't granted
2021-08-13T16:56:30: object RowDataPacket {
2021-08-13T16:56:30:   ca_id: 89,
2021-08-13T16:56:30:   ca_user_id: 1,
2021-08-13T16:56:30:   ca_platform_id: 2,
2021-08-13T16:56:30:   ca_id_on_platform: '2567622',
2021-08-13T16:56:30:   ca_name: 'COFFEEJACK moi tao',
2021-08-13T16:56:30:   ca_title: 'COFFEEJACK - The Pocket Sized Barista',
2021-08-13T16:56:30:   ca_description: "The Worlds Smallest 9 Bar, Portable Espresso maker. | Check out 'COFFEEJACK - The Pocket Sized Barista' on Indiegogo.",
2021-08-13T16:56:30:   ca_url: 'https://www.indiegogo.com/projects/2567622',
2021-08-13T16:56:30:   ca_status: 1,
2021-08-13T16:56:30:   ca_permisson: 20,
2021-08-13T16:56:30:   ca_img: 'https://c1.iggcdn.com/indiegogo-media-prod-cld/image/upload/c_fill%2Cf_auto%2Ch_630%2Cw_1200/v1576867104/htptzaubeteu0cajwvc4.jpg',
2021-08-13T16:56:30:   ca_total_raised: 0,
2021-08-13T16:56:30:   ca_currency: null,
2021-08-13T16:56:30:   ca_country: null,
2021-08-13T16:56:30:   ca_original_data: null
2021-08-13T16:56:30: }
2021-08-13T16:56:30: update campaign OkPacket {
2021-08-13T16:56:30:   fieldCount: 0,
2021-08-13T16:56:30:   affectedRows: 1,
2021-08-13T16:56:30:   insertId: 0,
2021-08-13T16:56:30:   serverStatus: 2,
2021-08-13T16:56:30:   warningCount: 0,
2021-08-13T16:56:30:   message: '(Rows matched: 1  Changed: 1  Warnings: 0',
2021-08-13T16:56:30:   protocol41: true,
2021-08-13T16:56:30:   changedRows: 1
2021-08-13T16:56:30: }
